
UsersController
  GET #edit
    ãƒ­ã‚°ã‚¤ãƒ³ãƒ¦ãƒ¼ã‚¶ãƒ¼ã®å ´åˆ
[32m      ãƒ¬ã‚¹ãƒãƒ³ã‚¹ãŒæˆåŠŸã™ã‚‹ã“ã¨[0m
[32m      @userãŒæ­£ã—ãè¨­å®šã•ã‚Œã¦ã„ã‚‹ã“ã¨[0m

Bookãƒ¢ãƒ‡ãƒ«ã®ãƒ†ã‚¹ãƒˆ
  ãƒãƒªãƒ‡ãƒ¼ã‚·ãƒ§ãƒ³ã®ãƒ†ã‚¹ãƒˆ
    titleã‚«ãƒ©ãƒ 
[32m      ç©ºæ¬„ã§ãªã„ã“ã¨[0m
    bodyã‚«ãƒ©ãƒ 
[32m      ç©ºæ¬„ã§ãªã„ã“ã¨[0m
[32m      200æ–‡å­—ä»¥ä¸‹ã§ã‚ã‚‹ã“ã¨: 200æ–‡å­—ã¯ã€‡[0m
[31m      200æ–‡å­—ä»¥ä¸‹ã§ã‚ã‚‹ã“ã¨: 201æ–‡å­—ã¯Ã— (FAILED - 1)[0m
  ã‚¢ã‚½ã‚·ã‚¨ãƒ¼ã‚·ãƒ§ãƒ³ã®ãƒ†ã‚¹ãƒˆ
    Userãƒ¢ãƒ‡ãƒ«ã¨ã®é–¢ä¿‚
[32m      N:1ã¨ãªã£ã¦ã„ã‚‹[0m

Userãƒ¢ãƒ‡ãƒ«ã®ãƒ†ã‚¹ãƒˆ
  ãƒãƒªãƒ‡ãƒ¼ã‚·ãƒ§ãƒ³ã®ãƒ†ã‚¹ãƒˆ
    nameã‚«ãƒ©ãƒ 
[32m      ç©ºæ¬„ã§ãªã„ã“ã¨[0m
[32m      2æ–‡å­—ä»¥ä¸Šã§ã‚ã‚‹ã“ã¨: 1æ–‡å­—ã¯Ã—[0m
[32m      2æ–‡å­—ä»¥ä¸Šã§ã‚ã‚‹ã“ã¨: 2æ–‡å­—ã¯ã€‡[0m
[32m      20æ–‡å­—ä»¥ä¸‹ã§ã‚ã‚‹ã“ã¨: 20æ–‡å­—ã¯ã€‡[0m
[32m      20æ–‡å­—ä»¥ä¸‹ã§ã‚ã‚‹ã“ã¨: 21æ–‡å­—ã¯Ã—[0m
[31m      ä¸€æ„æ€§ãŒã‚ã‚‹ã“ã¨ (FAILED - 2)[0m
    introductionã‚«ãƒ©ãƒ 
[32m      50æ–‡å­—ä»¥ä¸‹ã§ã‚ã‚‹ã“ã¨: 50æ–‡å­—ã¯ã€‡[0m
[32m      50æ–‡å­—ä»¥ä¸‹ã§ã‚ã‚‹ã“ã¨: 51æ–‡å­—ã¯Ã—[0m
  ã‚¢ã‚½ã‚·ã‚¨ãƒ¼ã‚·ãƒ§ãƒ³ã®ãƒ†ã‚¹ãƒˆ
    Bookãƒ¢ãƒ‡ãƒ«ã¨ã®é–¢ä¿‚
[32m      1:Nã¨ãªã£ã¦ã„ã‚‹[0m

[STEP1] ãƒ¦ãƒ¼ã‚¶ãƒ­ã‚°ã‚¤ãƒ³å‰ã®ãƒ†ã‚¹ãƒˆ
  ãƒˆãƒƒãƒ—ç”»é¢ã®ãƒ†ã‚¹ãƒˆ
    è¡¨ç¤ºå†…å®¹ã®ç¢ºèª
[32m      URLãŒæ­£ã—ã„[0m
[32m      Log inãƒªãƒ³ã‚¯ãŒè¡¨ç¤ºã•ã‚Œã‚‹: é’è‰²ã®ãƒœã‚¿ãƒ³ã®è¡¨ç¤ºãŒã€ŒLog inã€ã§ã‚ã‚‹[0m
[32m      Log inãƒªãƒ³ã‚¯ã®å†…å®¹ãŒæ­£ã—ã„[0m
[32m      Sign upãƒªãƒ³ã‚¯ãŒè¡¨ç¤ºã•ã‚Œã‚‹: ç·‘è‰²ã®ãƒœã‚¿ãƒ³ã®è¡¨ç¤ºãŒã€ŒSign upã€ã§ã‚ã‚‹[0m
[32m      Sign upãƒªãƒ³ã‚¯ã®å†…å®¹ãŒæ­£ã—ã„[0m
  ã‚¢ãƒã‚¦ãƒˆç”»é¢ã®ãƒ†ã‚¹ãƒˆ
    è¡¨ç¤ºå†…å®¹ã®ç¢ºèª
[31m      URLãŒæ­£ã—ã„ (FAILED - 3)[0m
  ãƒ˜ãƒƒãƒ€ãƒ¼ã®ãƒ†ã‚¹ãƒˆ: ãƒ­ã‚°ã‚¤ãƒ³ã—ã¦ã„ãªã„å ´åˆ
    è¡¨ç¤ºå†…å®¹ã®ç¢ºèª
[32m      Bookersãƒªãƒ³ã‚¯ãŒè¡¨ç¤ºã•ã‚Œã‚‹: å·¦ä¸Šã‹ã‚‰1ç•ªç›®ã®ãƒªãƒ³ã‚¯ãŒã€ŒBookersã€ã§ã‚ã‚‹[0m
[32m      Homeãƒªãƒ³ã‚¯ãŒè¡¨ç¤ºã•ã‚Œã‚‹: å·¦ä¸Šã‹ã‚‰2ç•ªç›®ã®ãƒªãƒ³ã‚¯ãŒã€ŒHomeã€ã§ã‚ã‚‹[0m
[32m      Aboutãƒªãƒ³ã‚¯ãŒè¡¨ç¤ºã•ã‚Œã‚‹: å·¦ä¸Šã‹ã‚‰3ç•ªç›®ã®ãƒªãƒ³ã‚¯ãŒã€ŒAboutã€ã§ã‚ã‚‹[0m
[32m      Sign upãƒªãƒ³ã‚¯ãŒè¡¨ç¤ºã•ã‚Œã‚‹: å·¦ä¸Šã‹ã‚‰4ç•ªç›®ã®ãƒªãƒ³ã‚¯ãŒã€ŒSign upã€ã§ã‚ã‚‹[0m
[32m      Log inãƒªãƒ³ã‚¯ãŒè¡¨ç¤ºã•ã‚Œã‚‹: å·¦ä¸Šã‹ã‚‰5ç•ªç›®ã®ãƒªãƒ³ã‚¯ãŒã€ŒLog inã€ã§ã‚ã‚‹[0m
    ãƒªãƒ³ã‚¯ã®å†…å®¹ã‚’ç¢ºèª
[32m      Bookersã‚’æŠ¼ã™ã¨ã€ãƒˆãƒƒãƒ—ç”»é¢ã«é·ç§»ã™ã‚‹[0m
[32m      Homeã‚’æŠ¼ã™ã¨ã€ãƒˆãƒƒãƒ—ç”»é¢ã«é·ç§»ã™ã‚‹[0m

Failures:

  1) Bookãƒ¢ãƒ‡ãƒ«ã®ãƒ†ã‚¹ãƒˆ ãƒãƒªãƒ‡ãƒ¼ã‚·ãƒ§ãƒ³ã®ãƒ†ã‚¹ãƒˆ bodyã‚«ãƒ©ãƒ  200æ–‡å­—ä»¥ä¸‹ã§ã‚ã‚‹ã“ã¨: 201æ–‡å­—ã¯Ã—
     [31mFailure/Error: is_expected.to eq false[0m
     [31m[0m
     [31m  expected: false[0m
     [31m       got: true[0m
     [31m[0m
     [31m  (compared using ==)[0m
     [31m[0m
     [31m  Diff:[0m[0m
     [31m  [0m[34m@@ -1 +1 @@[0m
     [31m  [0m[31m-false[0m
     [31m  [0m[32m+true[0m
     [31m  [0m[0m
     [36m# ./spec/models/book_spec.rb:28:in `block (4 levels) in <main>'[0m

  2) Userãƒ¢ãƒ‡ãƒ«ã®ãƒ†ã‚¹ãƒˆ ãƒãƒªãƒ‡ãƒ¼ã‚·ãƒ§ãƒ³ã®ãƒ†ã‚¹ãƒˆ nameã‚«ãƒ©ãƒ  ä¸€æ„æ€§ãŒã‚ã‚‹ã“ã¨
     [31mFailure/Error: is_expected.to eq false[0m
     [31m[0m
     [31m  expected: false[0m
     [31m       got: true[0m
     [31m[0m
     [31m  (compared using ==)[0m
     [31m[0m
     [31m  Diff:[0m[0m
     [31m  [0m[34m@@ -1 +1 @@[0m
     [31m  [0m[31m-false[0m
     [31m  [0m[32m+true[0m
     [31m  [0m[0m
     [36m# ./spec/models/user_spec.rb:33:in `block (4 levels) in <main>'[0m

  3) [STEP1] ãƒ¦ãƒ¼ã‚¶ãƒ­ã‚°ã‚¤ãƒ³å‰ã®ãƒ†ã‚¹ãƒˆ ã‚¢ãƒã‚¦ãƒˆç”»é¢ã®ãƒ†ã‚¹ãƒˆ è¡¨ç¤ºå†…å®¹ã®ç¢ºèª URLãŒæ­£ã—ã„
     [31mFailure/Error: visit '/home/about'[0m
     [31m[0m
     [31mActionController::RoutingError:[0m
     [31m  No route matches [GET] "/home/about"[0m
     [36m# /home/ec2-user/.rvm/gems/ruby-3.1.2/gems/railties-6.1.7.7/lib/rails/rack/logger.rb:37:in `call_app'[0m
     [36m# /home/ec2-user/.rvm/gems/ruby-3.1.2/gems/railties-6.1.7.7/lib/rails/rack/logger.rb:26:in `block in call'[0m
     [36m# /home/ec2-user/.rvm/gems/ruby-3.1.2/gems/railties-6.1.7.7/lib/rails/rack/logger.rb:26:in `call'[0m
     [36m# /home/ec2-user/.rvm/gems/ruby-3.1.2/gems/rack-2.2.9/lib/rack/method_override.rb:24:in `call'[0m
     [36m# /home/ec2-user/.rvm/gems/ruby-3.1.2/gems/rack-2.2.9/lib/rack/runtime.rb:22:in `call'[0m
     [36m# /home/ec2-user/.rvm/gems/ruby-3.1.2/gems/rack-2.2.9/lib/rack/sendfile.rb:110:in `call'[0m
     [36m# /home/ec2-user/.rvm/gems/ruby-3.1.2/gems/railties-6.1.7.7/lib/rails/engine.rb:539:in `call'[0m
     [36m# /home/ec2-user/.rvm/gems/ruby-3.1.2/gems/rack-2.2.9/lib/rack/urlmap.rb:74:in `block in call'[0m
     [36m# /home/ec2-user/.rvm/gems/ruby-3.1.2/gems/rack-2.2.9/lib/rack/urlmap.rb:58:in `each'[0m
     [36m# /home/ec2-user/.rvm/gems/ruby-3.1.2/gems/rack-2.2.9/lib/rack/urlmap.rb:58:in `call'[0m
     [36m# /home/ec2-user/.rvm/gems/ruby-3.1.2/gems/rack-2.2.9/lib/rack/builder.rb:244:in `call'[0m
     [36m# /home/ec2-user/.rvm/gems/ruby-3.1.2/gems/rack-test-2.1.0/lib/rack/test.rb:360:in `process_request'[0m
     [36m# /home/ec2-user/.rvm/gems/ruby-3.1.2/gems/rack-test-2.1.0/lib/rack/test.rb:163:in `custom_request'[0m
     [36m# /home/ec2-user/.rvm/gems/ruby-3.1.2/gems/rack-test-2.1.0/lib/rack/test.rb:112:in `get'[0m
     [36m# /home/ec2-user/.rvm/gems/ruby-3.1.2/gems/capybara-3.40.0/lib/capybara/rack_test/browser.rb:81:in `process'[0m
     [36m# /home/ec2-user/.rvm/gems/ruby-3.1.2/gems/capybara-3.40.0/lib/capybara/rack_test/browser.rb:56:in `process_and_follow_redirects'[0m
     [36m# /home/ec2-user/.rvm/gems/ruby-3.1.2/gems/capybara-3.40.0/lib/capybara/rack_test/browser.rb:26:in `visit'[0m
     [36m# /home/ec2-user/.rvm/gems/ruby-3.1.2/gems/capybara-3.40.0/lib/capybara/rack_test/driver.rb:46:in `visit'[0m
     [36m# /home/ec2-user/.rvm/gems/ruby-3.1.2/gems/capybara-3.40.0/lib/capybara/session.rb:281:in `visit'[0m
     [36m# /home/ec2-user/.rvm/gems/ruby-3.1.2/gems/capybara-3.40.0/lib/capybara/dsl.rb:52:in `call'[0m
     [36m# /home/ec2-user/.rvm/gems/ruby-3.1.2/gems/capybara-3.40.0/lib/capybara/dsl.rb:52:in `visit'[0m
     [36m# ./spec/system/01_before_login_spec.rb:34:in `block (3 levels) in <main>'[0m

Finished in 1.98 seconds (files took 4.5 seconds to load)
[31m29 examples, 3 failures[0m

Failed examples:

[31mrspec ./spec/models/book_spec.rb:26[0m [36m# Bookãƒ¢ãƒ‡ãƒ«ã®ãƒ†ã‚¹ãƒˆ ãƒãƒªãƒ‡ãƒ¼ã‚·ãƒ§ãƒ³ã®ãƒ†ã‚¹ãƒˆ bodyã‚«ãƒ©ãƒ  200æ–‡å­—ä»¥ä¸‹ã§ã‚ã‚‹ã“ã¨: 201æ–‡å­—ã¯Ã—[0m
[31mrspec ./spec/models/user_spec.rb:31[0m [36m# Userãƒ¢ãƒ‡ãƒ«ã®ãƒ†ã‚¹ãƒˆ ãƒãƒªãƒ‡ãƒ¼ã‚·ãƒ§ãƒ³ã®ãƒ†ã‚¹ãƒˆ nameã‚«ãƒ©ãƒ  ä¸€æ„æ€§ãŒã‚ã‚‹ã“ã¨[0m
[31mrspec ./spec/system/01_before_login_spec.rb:38[0m [36m# [STEP1] ãƒ¦ãƒ¼ã‚¶ãƒ­ã‚°ã‚¤ãƒ³å‰ã®ãƒ†ã‚¹ãƒˆ ã‚¢ãƒã‚¦ãƒˆç”»é¢ã®ãƒ†ã‚¹ãƒˆ è¡¨ç¤ºå†…å®¹ã®ç¢ºèª URLãŒæ­£ã—ã„[0m

